<?xml version="1.0" encoding="UTF-8"?>
<testsuite xmlns:xsi="http://www.w3.org/2001/XMLSchema-instance" xsi:noNamespaceSchemaLocation="https://maven.apache.org/surefire/maven-surefire-plugin/xsd/surefire-test-report.xsd" name="example.InvokeTest" time="0.977" tests="1" errors="1" skipped="0" failures="0">
  <properties>
    <property name="java.specification.version" value="15"/>
    <property name="sun.jnu.encoding" value="UTF-8"/>
    <property name="java.class.path" value="/Users/autentia/projects/tf_s3_lambda/s3-java/target/test-classes:/Users/autentia/projects/tf_s3_lambda/s3-java/target/classes:/Users/autentia/.m2/repository/com/amazonaws/aws-lambda-java-core/1.2.0/aws-lambda-java-core-1.2.0.jar:/Users/autentia/.m2/repository/com/amazonaws/aws-lambda-java-events/2.2.7/aws-lambda-java-events-2.2.7.jar:/Users/autentia/.m2/repository/joda-time/joda-time/2.6/joda-time-2.6.jar:/Users/autentia/.m2/repository/com/amazonaws/aws-lambda-java-log4j2/1.1.0/aws-lambda-java-log4j2-1.1.0.jar:/Users/autentia/.m2/repository/com/google/code/gson/gson/2.8.6/gson-2.8.6.jar:/Users/autentia/.m2/repository/org/apache/logging/log4j/log4j-api/2.13.0/log4j-api-2.13.0.jar:/Users/autentia/.m2/repository/org/apache/logging/log4j/log4j-core/2.13.2/log4j-core-2.13.2.jar:/Users/autentia/.m2/repository/org/apache/logging/log4j/log4j-slf4j18-impl/2.13.0/log4j-slf4j18-impl-2.13.0.jar:/Users/autentia/.m2/repository/org/slf4j/slf4j-api/1.8.0-alpha2/slf4j-api-1.8.0-alpha2.jar:/Users/autentia/.m2/repository/com/amazonaws/aws-java-sdk-s3/1.11.578/aws-java-sdk-s3-1.11.578.jar:/Users/autentia/.m2/repository/com/amazonaws/aws-java-sdk-kms/1.11.578/aws-java-sdk-kms-1.11.578.jar:/Users/autentia/.m2/repository/com/amazonaws/aws-java-sdk-core/1.11.578/aws-java-sdk-core-1.11.578.jar:/Users/autentia/.m2/repository/commons-logging/commons-logging/1.1.3/commons-logging-1.1.3.jar:/Users/autentia/.m2/repository/org/apache/httpcomponents/httpclient/4.5.5/httpclient-4.5.5.jar:/Users/autentia/.m2/repository/org/apache/httpcomponents/httpcore/4.4.9/httpcore-4.4.9.jar:/Users/autentia/.m2/repository/commons-codec/commons-codec/1.10/commons-codec-1.10.jar:/Users/autentia/.m2/repository/software/amazon/ion/ion-java/1.0.2/ion-java-1.0.2.jar:/Users/autentia/.m2/repository/com/fasterxml/jackson/core/jackson-databind/2.6.7.2/jackson-databind-2.6.7.2.jar:/Users/autentia/.m2/repository/com/fasterxml/jackson/core/jackson-annotations/2.6.0/jackson-annotations-2.6.0.jar:/Users/autentia/.m2/repository/com/fasterxml/jackson/core/jackson-core/2.6.7/jackson-core-2.6.7.jar:/Users/autentia/.m2/repository/com/fasterxml/jackson/dataformat/jackson-dataformat-cbor/2.6.7/jackson-dataformat-cbor-2.6.7.jar:/Users/autentia/.m2/repository/com/amazonaws/jmespath-java/1.11.578/jmespath-java-1.11.578.jar:/Users/autentia/.m2/repository/com/amazonaws/aws-xray-recorder-sdk-core/2.4.0/aws-xray-recorder-sdk-core-2.4.0.jar:/Users/autentia/.m2/repository/com/amazonaws/aws-java-sdk-xray/1.11.398/aws-java-sdk-xray-1.11.398.jar:/Users/autentia/.m2/repository/com/amazonaws/aws-xray-recorder-sdk-aws-sdk-core/2.4.0/aws-xray-recorder-sdk-aws-sdk-core-2.4.0.jar:/Users/autentia/.m2/repository/com/amazonaws/aws-xray-recorder-sdk-aws-sdk/2.4.0/aws-xray-recorder-sdk-aws-sdk-2.4.0.jar:/Users/autentia/.m2/repository/com/amazonaws/aws-xray-recorder-sdk-aws-sdk-instrumentor/2.4.0/aws-xray-recorder-sdk-aws-sdk-instrumentor-2.4.0.jar:/Users/autentia/.m2/repository/org/junit/jupiter/junit-jupiter-api/5.6.0/junit-jupiter-api-5.6.0.jar:/Users/autentia/.m2/repository/org/apiguardian/apiguardian-api/1.1.0/apiguardian-api-1.1.0.jar:/Users/autentia/.m2/repository/org/opentest4j/opentest4j/1.2.0/opentest4j-1.2.0.jar:/Users/autentia/.m2/repository/org/junit/platform/junit-platform-commons/1.6.0/junit-platform-commons-1.6.0.jar:/Users/autentia/.m2/repository/org/junit/jupiter/junit-jupiter-engine/5.6.0/junit-jupiter-engine-5.6.0.jar:/Users/autentia/.m2/repository/org/junit/platform/junit-platform-engine/1.6.0/junit-platform-engine-1.6.0.jar:"/>
    <property name="java.vm.vendor" value="Oracle Corporation"/>
    <property name="sun.arch.data.model" value="64"/>
    <property name="java.vendor.url" value="https://java.oracle.com/"/>
    <property name="os.name" value="Mac OS X"/>
    <property name="java.vm.specification.version" value="15"/>
    <property name="sun.java.launcher" value="SUN_STANDARD"/>
    <property name="user.country" value="ES"/>
    <property name="sun.boot.library.path" value="/Users/autentia/Library/Java/JavaVirtualMachines/openjdk-15.0.1/Contents/Home/lib"/>
    <property name="sun.java.command" value="/Users/autentia/projects/tf_s3_lambda/s3-java/target/surefire/surefirebooter7630448425858687171.jar /Users/autentia/projects/tf_s3_lambda/s3-java/target/surefire 2020-11-13T10-17-49_454-jvmRun1 surefire16141488320823898275tmp surefire_02115212292103589710tmp"/>
    <property name="http.nonProxyHosts" value="local|*.local|169.254/16|*.169.254/16"/>
    <property name="jdk.debug" value="release"/>
    <property name="surefire.test.class.path" value="/Users/autentia/projects/tf_s3_lambda/s3-java/target/test-classes:/Users/autentia/projects/tf_s3_lambda/s3-java/target/classes:/Users/autentia/.m2/repository/com/amazonaws/aws-lambda-java-core/1.2.0/aws-lambda-java-core-1.2.0.jar:/Users/autentia/.m2/repository/com/amazonaws/aws-lambda-java-events/2.2.7/aws-lambda-java-events-2.2.7.jar:/Users/autentia/.m2/repository/joda-time/joda-time/2.6/joda-time-2.6.jar:/Users/autentia/.m2/repository/com/amazonaws/aws-lambda-java-log4j2/1.1.0/aws-lambda-java-log4j2-1.1.0.jar:/Users/autentia/.m2/repository/com/google/code/gson/gson/2.8.6/gson-2.8.6.jar:/Users/autentia/.m2/repository/org/apache/logging/log4j/log4j-api/2.13.0/log4j-api-2.13.0.jar:/Users/autentia/.m2/repository/org/apache/logging/log4j/log4j-core/2.13.2/log4j-core-2.13.2.jar:/Users/autentia/.m2/repository/org/apache/logging/log4j/log4j-slf4j18-impl/2.13.0/log4j-slf4j18-impl-2.13.0.jar:/Users/autentia/.m2/repository/org/slf4j/slf4j-api/1.8.0-alpha2/slf4j-api-1.8.0-alpha2.jar:/Users/autentia/.m2/repository/com/amazonaws/aws-java-sdk-s3/1.11.578/aws-java-sdk-s3-1.11.578.jar:/Users/autentia/.m2/repository/com/amazonaws/aws-java-sdk-kms/1.11.578/aws-java-sdk-kms-1.11.578.jar:/Users/autentia/.m2/repository/com/amazonaws/aws-java-sdk-core/1.11.578/aws-java-sdk-core-1.11.578.jar:/Users/autentia/.m2/repository/commons-logging/commons-logging/1.1.3/commons-logging-1.1.3.jar:/Users/autentia/.m2/repository/org/apache/httpcomponents/httpclient/4.5.5/httpclient-4.5.5.jar:/Users/autentia/.m2/repository/org/apache/httpcomponents/httpcore/4.4.9/httpcore-4.4.9.jar:/Users/autentia/.m2/repository/commons-codec/commons-codec/1.10/commons-codec-1.10.jar:/Users/autentia/.m2/repository/software/amazon/ion/ion-java/1.0.2/ion-java-1.0.2.jar:/Users/autentia/.m2/repository/com/fasterxml/jackson/core/jackson-databind/2.6.7.2/jackson-databind-2.6.7.2.jar:/Users/autentia/.m2/repository/com/fasterxml/jackson/core/jackson-annotations/2.6.0/jackson-annotations-2.6.0.jar:/Users/autentia/.m2/repository/com/fasterxml/jackson/core/jackson-core/2.6.7/jackson-core-2.6.7.jar:/Users/autentia/.m2/repository/com/fasterxml/jackson/dataformat/jackson-dataformat-cbor/2.6.7/jackson-dataformat-cbor-2.6.7.jar:/Users/autentia/.m2/repository/com/amazonaws/jmespath-java/1.11.578/jmespath-java-1.11.578.jar:/Users/autentia/.m2/repository/com/amazonaws/aws-xray-recorder-sdk-core/2.4.0/aws-xray-recorder-sdk-core-2.4.0.jar:/Users/autentia/.m2/repository/com/amazonaws/aws-java-sdk-xray/1.11.398/aws-java-sdk-xray-1.11.398.jar:/Users/autentia/.m2/repository/com/amazonaws/aws-xray-recorder-sdk-aws-sdk-core/2.4.0/aws-xray-recorder-sdk-aws-sdk-core-2.4.0.jar:/Users/autentia/.m2/repository/com/amazonaws/aws-xray-recorder-sdk-aws-sdk/2.4.0/aws-xray-recorder-sdk-aws-sdk-2.4.0.jar:/Users/autentia/.m2/repository/com/amazonaws/aws-xray-recorder-sdk-aws-sdk-instrumentor/2.4.0/aws-xray-recorder-sdk-aws-sdk-instrumentor-2.4.0.jar:/Users/autentia/.m2/repository/org/junit/jupiter/junit-jupiter-api/5.6.0/junit-jupiter-api-5.6.0.jar:/Users/autentia/.m2/repository/org/apiguardian/apiguardian-api/1.1.0/apiguardian-api-1.1.0.jar:/Users/autentia/.m2/repository/org/opentest4j/opentest4j/1.2.0/opentest4j-1.2.0.jar:/Users/autentia/.m2/repository/org/junit/platform/junit-platform-commons/1.6.0/junit-platform-commons-1.6.0.jar:/Users/autentia/.m2/repository/org/junit/jupiter/junit-jupiter-engine/5.6.0/junit-jupiter-engine-5.6.0.jar:/Users/autentia/.m2/repository/org/junit/platform/junit-platform-engine/1.6.0/junit-platform-engine-1.6.0.jar:"/>
    <property name="sun.cpu.endian" value="little"/>
    <property name="user.home" value="/Users/autentia"/>
    <property name="user.language" value="es"/>
    <property name="java.specification.vendor" value="Oracle Corporation"/>
    <property name="java.version.date" value="2020-10-20"/>
    <property name="java.home" value="/Users/autentia/Library/Java/JavaVirtualMachines/openjdk-15.0.1/Contents/Home"/>
    <property name="file.separator" value="/"/>
    <property name="basedir" value="/Users/autentia/projects/tf_s3_lambda/s3-java"/>
    <property name="java.vm.compressedOopsMode" value="Zero based"/>
    <property name="line.separator" value="&#10;"/>
    <property name="java.specification.name" value="Java Platform API Specification"/>
    <property name="java.vm.specification.vendor" value="Oracle Corporation"/>
    <property name="surefire.real.class.path" value="/Users/autentia/projects/tf_s3_lambda/s3-java/target/surefire/surefirebooter7630448425858687171.jar"/>
    <property name="sun.management.compiler" value="HotSpot 64-Bit Tiered Compilers"/>
    <property name="ftp.nonProxyHosts" value="local|*.local|169.254/16|*.169.254/16"/>
    <property name="java.runtime.version" value="15.0.1+9-18"/>
    <property name="user.name" value="autentia"/>
    <property name="path.separator" value=":"/>
    <property name="os.version" value="10.15.5"/>
    <property name="java.runtime.name" value="OpenJDK Runtime Environment"/>
    <property name="file.encoding" value="UTF-8"/>
    <property name="java.vm.name" value="OpenJDK 64-Bit Server VM"/>
    <property name="localRepository" value="/Users/autentia/.m2/repository"/>
    <property name="java.vendor.url.bug" value="https://bugreport.java.com/bugreport/"/>
    <property name="java.io.tmpdir" value="/var/folders/t2/4p3sffkd4qvb4_5yjqd_1pcc0000gn/T/"/>
    <property name="java.version" value="15.0.1"/>
    <property name="user.dir" value="/Users/autentia/projects/tf_s3_lambda/s3-java"/>
    <property name="os.arch" value="x86_64"/>
    <property name="java.vm.specification.name" value="Java Virtual Machine Specification"/>
    <property name="java.library.path" value="/Users/autentia/Library/Java/Extensions:/Library/Java/Extensions:/Network/Library/Java/Extensions:/System/Library/Java/Extensions:/usr/lib/java:."/>
    <property name="java.vm.info" value="mixed mode, sharing"/>
    <property name="java.vendor" value="Oracle Corporation"/>
    <property name="java.vm.version" value="15.0.1+9-18"/>
    <property name="sun.io.unicode.encoding" value="UnicodeBig"/>
    <property name="socksNonProxyHosts" value="local|*.local|169.254/16|*.169.254/16"/>
    <property name="java.class.version" value="59.0"/>
  </properties>
  <testcase name="invokeTest" classname="example.InvokeTest" time="0.033">
    <error message="bucket-name.txt" type="java.nio.file.NoSuchFileException">java.nio.file.NoSuchFileException: bucket-name.txt
	at example.InvokeTest.invokeTest(InvokeTest.java:48)
</error>
  </testcase>
</testsuite>